[LOG] System::create                           : Header version = 1.08.01. Current version = 1.08.01.
[LOG] SystemI::init                            : FMOD Studio Version: 00010801 (74554)
[LOG] SystemI::init                            : maxchannels = 256, flags = 00020000, extradriverdata = 0000000000000000
[LOG] SystemI::close                           : 
[LOG] SystemI::close                           : Stop all sounds
[LOG] SystemI::close                           : done.

[LOG] OutputWASAPI::init                       : Mix Format (WAVEFORMATEX): wFormatTag=0xFFFE, nChannels=2, nSamplesPerSec=48000, nAvgBytesPerSec=384000, nBlockAlign=8, wBitsPerSample=32, cbSize=22.
[LOG] OutputWASAPI::init                       : Mix Format (WAVEFORMATEXTENSIBLE): wValidBitsPerSample=32, dwChannelMask=0x00000003, SubFormat=00000003-0000-0010-8000-00AA00389B71.
[LOG] OutputWASAPI::init                       : Output buffer size: 4096 samples, latency: 10.67ms, period: 10.00ms, DSP buffer: 1024 * 4
[LOG] Thread::initThread                       : Initializing FMOD mixer thread.  priority 3
[LOG] Thread::initThread                       : - Stacksize 49152.  Stack pointer 0000000000000000 : usesemaphore = 0 : sleeptime = 0
[LOG] Thread::callback                         : * FMOD mixer thread started
[LOG] SystemI::init                            : Set up emulated output
[LOG] SystemI::init                            : create the channel pool
[LOG] Thread::initThread                       : Initializing FMOD stream thread.  priority 2
[LOG] Thread::initThread                       : - Stacksize 65536.  Stack pointer 0000000000000000 : usesemaphore = 0 : sleeptime = 10
[LOG] Thread::callback                         : * FMOD stream thread started
[LOG] Thread::initThread                       : Initializing FMOD Studio sample load thread.  priority 0
[LOG] Thread::initThread                       : - Stacksize 65536.  Stack pointer 0000000000000000 : usesemaphore = 0 : sleeptime = 1
[LOG] Thread::callback                         : * FMOD Studio sample load thread started
[LOG] Thread::initThread                       : Initializing FMOD Studio bank load thread.  priority 0
[LOG] Thread::initThread                       : - Stacksize 65536.  Stack pointer 0000000000000000 : usesemaphore = 0 : sleeptime = 1
[LOG] Thread::callback                         : * FMOD Studio bank load thread started
[LOG] Manager::readBank                        : fileversion = 74, compatVersion = 70 (oldest = 44, newest = 74)
[LOG] PlaybackSystem::acquireMasterBus         : Setting master channel group format to 3
[LOG] Manager::readBank                        : fileversion = 74, compatVersion = 70 (oldest = 44, newest = 74)
[LOG] Manager::finishLoadBank                  : Bank with guid {8950fbc6-db78-46a5-b26e-3b5e495dbff1} has already been loaded[LOG] SystemI::createSoundInternal             : filename =  : mode 0a000202
[LOG] SystemI::createSoundInternal             : exinfo->cbsize             = 232
[LOG] SystemI::createSoundInternal             : exinfo->length             = 6711264
[LOG] SystemI::createSoundInternal             : exinfo->fileoffset         = 44320
[LOG] SystemI::createSoundInternal             : exinfo->numsubsounds       = 1
[LOG] SystemI::createSoundInternal             : exinfo->inclusionlist      = 000000002FCEFB48
[LOG] SystemI::createSoundInternal             : exinfo->inclusionlistnum   = 1
[LOG] SystemI::createSoundInternal             : exinfo->suggestedsoundtype = 5
[LOG] SystemI::createSoundInternal             : exinfo->useropen           = 000007FEDFDA2DF0
[LOG] SystemI::createSoundInternal             : exinfo->userclose          = 000007FEDFDA2DC0
[LOG] SystemI::createSoundInternal             : exinfo->userread           = 000007FEDFDA2ED0
[LOG] SystemI::createSoundInternal             : exinfo->userseek           = 000007FEDFDA2F80
[LOG] SystemI::createSoundInternal             : exinfo->fileuserdata       = 000000002F10EAD8
[LOG] SystemI::createSoundInternal             : exinfo->initialseekpostype = 1
[LOG] SystemI::createSoundInternal             : Format has 1 subsounds.
[LOG] SystemI::createSoundInternal             : Create as FMOD_CREATESAMPLE
[LOG] SystemI::createSoundInternal             : Multi-sample sound (1 subsounds), create a sample container.
[LOG] SystemI::createSoundInternal             : creating subsound 0/1
[LOG] SystemI::createSample                    : mode 0a000202 length 27649 samples, lengthbytes 5504
[LOG] SystemI::createSample                    : channels = 2
[LOG] SystemI::createSample                    : output = 000000002F42D578
[LOG] OutputSoftware::createSample             : lengthpcm 27649, lengthbytes 5504, channels 2, format 2, freq 48000, mode 0a00020a
[LOG] SystemI::createSoundInternal             : done.  OpenState now = FMOD_OPENSTATE_READY.

[LOG] SystemI::createSoundInternal             : filename =  : mode 0a000202
[LOG] SystemI::createSoundInternal             : exinfo->cbsize             = 232
[LOG] SystemI::createSoundInternal             : exinfo->length             = 6711264
[LOG] SystemI::createSoundInternal             : exinfo->fileoffset         = 44320
[LOG] SystemI::createSoundInternal             : exinfo->numsubsounds       = 1
[LOG] SystemI::createSoundInternal             : exinfo->inclusionlist      = 000000002FCEFB48
[LOG] SystemI::createSoundInternal             : exinfo->inclusionlistnum   = 1
[LOG] SystemI::createSoundInternal             : exinfo->suggestedsoundtype = 5
[LOG] SystemI::createSoundInternal             : exinfo->useropen           = 000007FEDFDA2DF0
[LOG] SystemI::createSoundInternal             : exinfo->userclose          = 000007FEDFDA2DC0
[LOG] SystemI::createSoundInternal             : exinfo->userread           = 000007FEDFDA2ED0
[LOG] SystemI::createSoundInternal             : exinfo->userseek           = 000007FEDFDA2F80
[LOG] SystemI::createSoundInternal             : exinfo->fileuserdata       = 000000002F10EAD8
[LOG] SystemI::createSoundInternal             : exinfo->initialseekpostype = 1
[LOG] SystemI::createSoundInternal             : Format has 1 subsounds.
[LOG] SystemI::createSoundInternal             : Create as FMOD_CREATESAMPLE
[LOG] SystemI::createSoundInternal             : Multi-sample sound (1 subsounds), create a sample container.
[LOG] SystemI::createSoundInternal             : creating subsound 0/1
[LOG] SystemI::createSample                    : mode 0a000202 length 29724 samples, lengthbytes 5952
[LOG] SystemI::createSample                    : channels = 2
[LOG] SystemI::createSample                    : output = 000000002F42D578
[LOG] OutputSoftware::createSample             : lengthpcm 29724, lengthbytes 5952, channels 2, format 2, freq 48000, mode 0a00020a
[LOG] SystemI::createSoundInternal             : done.  OpenState now = FMOD_OPENSTATE_READY.

[LOG] SystemI::createSoundInternal             : filename =  : mode 0a000202
[LOG] SystemI::createSoundInternal             : exinfo->cbsize             = 232
[LOG] SystemI::createSoundInternal             : exinfo->length             = 6711264
[LOG] SystemI::createSoundInternal             : exinfo->fileoffset         = 44320
[LOG] SystemI::createSoundInternal             : exinfo->numsubsounds       = 1
[LOG] SystemI::createSoundInternal             : exinfo->inclusionlist      = 000000002FCEFB48
[LOG] SystemI::createSoundInternal             : exinfo->inclusionlistnum   = 1
[LOG] SystemI::createSoundInternal             : exinfo->suggestedsoundtype = 5
[LOG] SystemI::createSoundInternal             : exinfo->useropen           = 000007FEDFDA2DF0
[LOG] SystemI::createSoundInternal             : exinfo->userclose          = 000007FEDFDA2DC0
[LOG] SystemI::createSoundInternal             : exinfo->userread           = 000007FEDFDA2ED0
[LOG] SystemI::createSoundInternal             : exinfo->userseek           = 000007FEDFDA2F80
[LOG] SystemI::createSoundInternal             : exinfo->fileuserdata       = 000000002F10EAD8
[LOG] SystemI::createSoundInternal             : exinfo->initialseekpostype = 1
[LOG] SystemI::createSoundInternal             : Format has 1 subsounds.
[LOG] SystemI::createSoundInternal             : Create as FMOD_CREATESAMPLE
[LOG] SystemI::createSoundInternal             : Multi-sample sound (1 subsounds), create a sample container.
[LOG] SystemI::createSoundInternal             : creating subsound 0/1
[LOG] SystemI::createSample                    : mode 0a000202 length 27599 samples, lengthbytes 5472
[LOG] SystemI::createSample                    : channels = 2
[LOG] SystemI::createSample                    : output = 000000002F42D578
[LOG] OutputSoftware::createSample             : lengthpcm 27599, lengthbytes 5472, channels 2, format 2, freq 48000, mode 0a00020a
[LOG] SystemI::createSoundInternal             : done.  OpenState now = FMOD_OPENSTATE_READY.

[LOG] SystemI::createSoundInternal             : filename =  : mode 0a000202
[LOG] SystemI::createSoundInternal             : exinfo->cbsize             = 232
[LOG] SystemI::createSoundInternal             : exinfo->length             = 6711264
[LOG] SystemI::createSoundInternal             : exinfo->fileoffset         = 44320
[LOG] SystemI::createSoundInternal             : exinfo->numsubsounds       = 1
[LOG] SystemI::createSoundInternal             : exinfo->inclusionlist      = 000000002FCEFB48
[LOG] SystemI::createSoundInternal             : exinfo->inclusionlistnum   = 1
[LOG] SystemI::createSoundInternal             : exinfo->suggestedsoundtype = 5
[LOG] SystemI::createSoundInternal             : exinfo->useropen           = 000007FEDFDA2DF0
[LOG] SystemI::createSoundInternal             : exinfo->userclose          = 000007FEDFDA2DC0
[LOG] SystemI::createSoundInternal             : exinfo->userread           = 000007FEDFDA2ED0
[LOG] SystemI::createSoundInternal             : exinfo->userseek           = 000007FEDFDA2F80
[LOG] SystemI::createSoundInternal             : exinfo->fileuserdata       = 000000002F10EAD8
[LOG] SystemI::createSoundInternal             : exinfo->initialseekpostype = 1
[LOG] SystemI::createSoundInternal             : Format has 1 subsounds.
[LOG] SystemI::createSoundInternal             : Create as FMOD_CREATESAMPLE
[LOG] SystemI::createSoundInternal             : Multi-sample sound (1 subsounds), create a sample container.
[LOG] SystemI::createSoundInternal             : creating subsound 0/1
[LOG] SystemI::createSample                    : mode 0a000202 length 26999 samples, lengthbytes 5600
[LOG] SystemI::createSample                    : channels = 2
[LOG] SystemI::createSample                    : output = 000000002F42D578
[LOG] OutputSoftware::createSample             : lengthpcm 26999, lengthbytes 5600, channels 2, format 2, freq 48000, mode 0a00020a
[LOG] SystemI::createSoundInternal             : done.  OpenState now = FMOD_OPENSTATE_READY.

[LOG] SystemI::createSoundInternal             : filename =  : mode 0a000202
[LOG] SystemI::createSoundInternal             : exinfo->cbsize             = 232
[LOG] SystemI::createSoundInternal             : exinfo->length             = 6711264
[LOG] SystemI::createSoundInternal             : exinfo->fileoffset         = 44320
[LOG] SystemI::createSoundInternal             : exinfo->numsubsounds       = 1
[LOG] SystemI::createSoundInternal             : exinfo->inclusionlist      = 000000002FCEFB48
[LOG] SystemI::createSoundInternal             : exinfo->inclusionlistnum   = 1
[LOG] SystemI::createSoundInternal             : exinfo->suggestedsoundtype = 5
[LOG] SystemI::createSoundInternal             : exinfo->useropen           = 000007FEDFDA2DF0
[LOG] SystemI::createSoundInternal             : exinfo->userclose          = 000007FEDFDA2DC0
[LOG] SystemI::createSoundInternal             : exinfo->userread           = 000007FEDFDA2ED0
[LOG] SystemI::createSoundInternal             : exinfo->userseek           = 000007FEDFDA2F80
[LOG] SystemI::createSoundInternal             : exinfo->fileuserdata       = 000000002F10EAD8
[LOG] SystemI::createSoundInternal             : exinfo->initialseekpostype = 1
[LOG] SystemI::createSoundInternal             : Format has 1 subsounds.
[LOG] SystemI::createSoundInternal             : Create as FMOD_CREATESAMPLE
[LOG] SystemI::createSoundInternal             : Multi-sample sound (1 subsounds), create a sample container.
[LOG] SystemI::createSoundInternal             : creating subsound 0/1
[LOG] SystemI::createSample                    : mode 0a000202 length 28125 samples, lengthbytes 5664
[LOG] SystemI::createSample                    : channels = 2
[LOG] SystemI::createSample                    : output = 000000002F42D578
[LOG] OutputSoftware::createSample             : lengthpcm 28125, lengthbytes 5664, channels 2, format 2, freq 48000, mode 0a00020a
[LOG] SystemI::createSoundInternal             : done.  OpenState now = FMOD_OPENSTATE_READY.

[LOG] SystemI::createSoundInternal             : filename =  : mode 0a000202
[LOG] SystemI::createSoundInternal             : exinfo->cbsize             = 232
[LOG] SystemI::createSoundInternal             : exinfo->length             = 6711264
[LOG] SystemI::createSoundInternal             : exinfo->fileoffset         = 44320
[LOG] SystemI::createSoundInternal             : exinfo->numsubsounds       = 1
[LOG] SystemI::createSoundInternal             : exinfo->inclusionlist      = 000000002FCEFB48
[LOG] SystemI::createSoundInternal             : exinfo->inclusionlistnum   = 1
[LOG] SystemI::createSoundInternal             : exinfo->suggestedsoundtype = 5
[LOG] SystemI::createSoundInternal             : exinfo->useropen           = 000007FEDFDA2DF0
[LOG] SystemI::createSoundInternal             : exinfo->userclose          = 000007FEDFDA2DC0
[LOG] SystemI::createSoundInternal             : exinfo->userread           = 000007FEDFDA2ED0
[LOG] SystemI::createSoundInternal             : exinfo->userseek           = 000007FEDFDA2F80
[LOG] SystemI::createSoundInternal             : exinfo->fileuserdata       = 000000002F10EAD8
[LOG] SystemI::createSoundInternal             : exinfo->initialseekpostype = 1
[LOG] SystemI::createSoundInternal             : Format has 1 subsounds.
[LOG] SystemI::createSoundInternal             : Create as FMOD_CREATESAMPLE
[LOG] SystemI::createSoundInternal             : Multi-sample sound (1 subsounds), create a sample container.
[LOG] SystemI::createSoundInternal             : creating subsound 0/1
[LOG] SystemI::createSample                    : mode 0a000202 length 32774 samples, lengthbytes 6752
[LOG] SystemI::createSample                    : channels = 2
[LOG] SystemI::createSample                    : output = 000000002F42D578
[LOG] OutputSoftware::createSample             : lengthpcm 32774, lengthbytes 6752, channels 2, format 2, freq 48000, mode 0a00020a
[LOG] SystemI::createSoundInternal             : done.  OpenState now = FMOD_OPENSTATE_READY.

[LOG] SystemI::createSoundInternal             : filename =  : mode 0a000202
[LOG] SystemI::createSoundInternal             : exinfo->cbsize             = 232
[LOG] SystemI::createSoundInternal             : exinfo->length             = 6711264
[LOG] SystemI::createSoundInternal             : exinfo->fileoffset         = 44320
[LOG] SystemI::createSoundInternal             : exinfo->numsubsounds       = 1
[LOG] SystemI::createSoundInternal             : exinfo->inclusionlist      = 000000002FCEFB48
[LOG] SystemI::createSoundInternal             : exinfo->inclusionlistnum   = 1
[LOG] SystemI::createSoundInternal             : exinfo->suggestedsoundtype = 5
[LOG] SystemI::createSoundInternal             : exinfo->useropen           = 000007FEDFDA2DF0
[LOG] SystemI::createSoundInternal             : exinfo->userclose          = 000007FEDFDA2DC0
[LOG] SystemI::createSoundInternal             : exinfo->userread           = 000007FEDFDA2ED0
[LOG] SystemI::createSoundInternal             : exinfo->userseek           = 000007FEDFDA2F80
[LOG] SystemI::createSoundInternal             : exinfo->fileuserdata       = 000000002F10EAD8
[LOG] SystemI::createSoundInternal             : exinfo->initialseekpostype = 1
[LOG] SystemI::createSoundInternal             : Format has 1 subsounds.
[LOG] SystemI::createSoundInternal             : Create as FMOD_CREATESAMPLE
[LOG] SystemI::createSoundInternal             : Multi-sample sound (1 subsounds), create a sample container.
[LOG] SystemI::createSoundInternal             : creating subsound 0/1
[LOG] SystemI::createSample                    : mode 0a000202 length 26999 samples, lengthbytes 5760
[LOG] SystemI::createSample                    : channels = 2
[LOG] SystemI::createSample                    : output = 000000002F42D578
[LOG] OutputSoftware::createSample             : lengthpcm 26999, lengthbytes 5760, channels 2, format 2, freq 48000, mode 0a00020a
[LOG] SystemI::createSoundInternal             : done.  OpenState now = FMOD_OPENSTATE_READY.

[LOG] SystemI::createSoundInternal             : filename =  : mode 0a000202
[LOG] SystemI::createSoundInternal             : exinfo->cbsize             = 232
[LOG] SystemI::createSoundInternal             : exinfo->length             = 6711264
[LOG] SystemI::createSoundInternal             : exinfo->fileoffset         = 44320
[LOG] SystemI::createSoundInternal             : exinfo->numsubsounds       = 1
[LOG] SystemI::createSoundInternal             : exinfo->inclusionlist      = 000000002FCEFB48
[LOG] SystemI::createSoundInternal             : exinfo->inclusionlistnum   = 1
[LOG] SystemI::createSoundInternal             : exinfo->suggestedsoundtype = 5
[LOG] SystemI::createSoundInternal             : exinfo->useropen           = 000007FEDFDA2DF0
[LOG] SystemI::createSoundInternal             : exinfo->userclose          = 000007FEDFDA2DC0
[LOG] SystemI::createSoundInternal             : exinfo->userread           = 000007FEDFDA2ED0
[LOG] SystemI::createSoundInternal             : exinfo->userseek           = 000007FEDFDA2F80
[LOG] SystemI::createSoundInternal             : exinfo->fileuserdata       = 000000002F10EAD8
[LOG] SystemI::createSoundInternal             : exinfo->initialseekpostype = 1
[LOG] SystemI::createSoundInternal             : Format has 1 subsounds.
[LOG] SystemI::createSoundInternal             : Create as FMOD_CREATESAMPLE
[LOG] SystemI::createSoundInternal             : Multi-sample sound (1 subsounds), create a sample container.
[LOG] SystemI::createSoundInternal             : creating subsound 0/1
[LOG] SystemI::createSample                    : mode 0a000202 length 34625 samples, lengthbytes 6976
[LOG] SystemI::createSample                    : channels = 2
[LOG] SystemI::createSample                    : output = 000000002F42D578
[LOG] OutputSoftware::createSample             : lengthpcm 34625, lengthbytes 6976, channels 2, format 2, freq 48000, mode 0a00020a
[LOG] SystemI::createSoundInternal             : done.  OpenState now = FMOD_OPENSTATE_READY.

[LOG] SystemI::createSoundInternal             : filename =  : mode 0a000202
[LOG] SystemI::createSoundInternal             : exinfo->cbsize             = 232
[LOG] SystemI::createSoundInternal             : exinfo->length             = 6711264
[LOG] SystemI::createSoundInternal             : exinfo->fileoffset         = 44320
[LOG] SystemI::createSoundInternal             : exinfo->numsubsounds       = 1
[LOG] SystemI::createSoundInternal             : exinfo->inclusionlist      = 000000002FCEFB48
[LOG] SystemI::createSoundInternal             : exinfo->inclusionlistnum   = 1
[LOG] SystemI::createSoundInternal             : exinfo->suggestedsoundtype = 5
[LOG] SystemI::createSoundInternal             : exinfo->useropen           = 000007FEDFDA2DF0
[LOG] SystemI::createSoundInternal             : exinfo->userclose          = 000007FEDFDA2DC0
[LOG] SystemI::createSoundInternal             : exinfo->userread           = 000007FEDFDA2ED0
[LOG] SystemI::createSoundInternal             : exinfo->userseek           = 000007FEDFDA2F80
[LOG] SystemI::createSoundInternal             : exinfo->fileuserdata       = 000000002F10EAD8
[LOG] SystemI::createSoundInternal             : exinfo->initialseekpostype = 1
[LOG] SystemI::createSoundInternal             : Format has 1 subsounds.
[LOG] SystemI::createSoundInternal             : Create as FMOD_CREATESAMPLE
[LOG] SystemI::createSoundInternal             : Multi-sample sound (1 subsounds), create a sample container.
[LOG] SystemI::createSoundInternal             : creating subsound 0/1
[LOG] SystemI::createSample                    : mode 0a000202 length 28000 samples, lengthbytes 5792
[LOG] SystemI::createSample                    : channels = 2
[LOG] SystemI::createSample                    : output = 000000002F42D578
[LOG] OutputSoftware::createSample             : lengthpcm 28000, lengthbytes 5792, channels 2, format 2, freq 48000, mode 0a00020a
[LOG] SystemI::createSoundInternal             : done.  OpenState now = FMOD_OPENSTATE_READY.

[LOG] SystemI::createSoundInternal             : filename =  : mode 0a000202
[LOG] SystemI::createSoundInternal             : exinfo->cbsize             = 232
[LOG] SystemI::createSoundInternal             : exinfo->length             = 6711264
[LOG] SystemI::createSoundInternal             : exinfo->fileoffset         = 44320
[LOG] SystemI::createSoundInternal             : exinfo->numsubsounds       = 1
[LOG] SystemI::createSoundInternal             : exinfo->inclusionlist      = 000000002FCEFB48
[LOG] SystemI::createSoundInternal             : exinfo->inclusionlistnum   = 1
[LOG] SystemI::createSoundInternal             : exinfo->suggestedsoundtype = 5
[LOG] SystemI::createSoundInternal             : exinfo->useropen           = 000007FEDFDA2DF0
[LOG] SystemI::createSoundInternal             : exinfo->userclose          = 000007FEDFDA2DC0
[LOG] SystemI::createSoundInternal             : exinfo->userread           = 000007FEDFDA2ED0
[LOG] SystemI::createSoundInternal             : exinfo->userseek           = 000007FEDFDA2F80
[LOG] SystemI::createSoundInternal             : exinfo->fileuserdata       = 000000002F10EAD8
[LOG] SystemI::createSoundInternal             : exinfo->initialseekpostype = 1
[LOG] SystemI::createSoundInternal             : Format has 1 subsounds.
[LOG] SystemI::createSoundInternal             : Create as FMOD_CREATESAMPLE
[LOG] SystemI::createSoundInternal             : Multi-sample sound (1 subsounds), create a sample container.
[LOG] SystemI::createSoundInternal             : creating subsound 0/1
[LOG] SystemI::createSample                    : mode 0a000202 length 29000 samples, lengthbytes 5856
[LOG] SystemI::createSample                    : channels = 2
[LOG] SystemI::createSample                    : output = 000000002F42D578
[LOG] OutputSoftware::createSample             : lengthpcm 29000, lengthbytes 5856, channels 2, format 2, freq 48000, mode 0a00020a
[LOG] SystemI::createSoundInternal             : done.  OpenState now = FMOD_OPENSTATE_READY.

[LOG] SystemI::createSoundInternal             : filename =  : mode 0a000202
[LOG] SystemI::createSoundInternal             : exinfo->cbsize             = 232
[LOG] SystemI::createSoundInternal             : exinfo->length             = 6711264
[LOG] SystemI::createSoundInternal             : exinfo->fileoffset         = 44320
[LOG] SystemI::createSoundInternal             : exinfo->numsubsounds       = 1
[LOG] SystemI::createSoundInternal             : exinfo->inclusionlist      = 000000002FCEFB48
[LOG] SystemI::createSoundInternal             : exinfo->inclusionlistnum   = 1
[LOG] SystemI::createSoundInternal             : exinfo->suggestedsoundtype = 5
[LOG] SystemI::createSoundInternal             : exinfo->useropen           = 000007FEDFDA2DF0
[LOG] SystemI::createSoundInternal             : exinfo->userclose          = 000007FEDFDA2DC0
[LOG] SystemI::createSoundInternal             : exinfo->userread           = 000007FEDFDA2ED0
[LOG] SystemI::createSoundInternal             : exinfo->userseek           = 000007FEDFDA2F80
[LOG] SystemI::createSoundInternal             : exinfo->fileuserdata       = 000000002F10EAD8
[LOG] SystemI::createSoundInternal             : exinfo->initialseekpostype = 1
[LOG] SystemI::createSoundInternal             : Format has 1 subsounds.
[LOG] SystemI::createSoundInternal             : Create as FMOD_CREATESAMPLE
[LOG] SystemI::createSoundInternal             : Multi-sample sound (1 subsounds), create a sample container.
[LOG] SystemI::createSoundInternal             : creating subsound 0/1
[LOG] SystemI::createSample                    : mode 0a000202 length 26324 samples, lengthbytes 5376
[LOG] SystemI::createSample                    : channels = 2
[LOG] SystemI::createSample                    : output = 000000002F42D578
[LOG] OutputSoftware::createSample             : lengthpcm 26324, lengthbytes 5376, channels 2, format 2, freq 48000, mode 0a00020a
[LOG] SystemI::createSoundInternal             : done.  OpenState now = FMOD_OPENSTATE_READY.

[LOG] SystemI::createSoundInternal             : filename =  : mode 0a000202
[LOG] SystemI::createSoundInternal             : exinfo->cbsize             = 232
[LOG] SystemI::createSoundInternal             : exinfo->length             = 6711264
[LOG] SystemI::createSoundInternal             : exinfo->fileoffset         = 44320
[LOG] SystemI::createSoundInternal             : exinfo->numsubsounds       = 1
[LOG] SystemI::createSoundInternal             : exinfo->inclusionlist      = 000000002FCEFB48
[LOG] SystemI::createSoundInternal             : exinfo->inclusionlistnum   = 1
[LOG] SystemI::createSoundInternal             : exinfo->suggestedsoundtype = 5
[LOG] SystemI::createSoundInternal             : exinfo->useropen           = 000007FEDFDA2DF0
[LOG] SystemI::createSoundInternal             : exinfo->userclose          = 000007FEDFDA2DC0
[LOG] SystemI::createSoundInternal             : exinfo->userread           = 000007FEDFDA2ED0
[LOG] SystemI::createSoundInternal             : exinfo->userseek           = 000007FEDFDA2F80
[LOG] SystemI::createSoundInternal             : exinfo->fileuserdata       = 000000002F10EAD8
[LOG] SystemI::createSoundInternal             : exinfo->initialseekpostype = 1
[LOG] SystemI::createSoundInternal             : Format has 1 subsounds.
[LOG] SystemI::createSoundInternal             : Create as FMOD_CREATESAMPLE
[LOG] SystemI::createSoundInternal             : Multi-sample sound (1 subsounds), create a sample container.
[LOG] SystemI::createSoundInternal             : creating subsound 0/1
[LOG] SystemI::createSample                    : mode 0a000202 length 29999 samples, lengthbytes 6080
[LOG] SystemI::createSample                    : channels = 2
[LOG] SystemI::createSample                    : output = 000000002F42D578
[LOG] OutputSoftware::createSample             : lengthpcm 29999, lengthbytes 6080, channels 2, format 2, freq 48000, mode 0a00020a
[LOG] SystemI::createSoundInternal             : done.  OpenState now = FMOD_OPENSTATE_READY.

[LOG] SystemI::createSoundInternal             : filename =  : mode 0a000202
[LOG] SystemI::createSoundInternal             : exinfo->cbsize             = 232
[LOG] SystemI::createSoundInternal             : exinfo->length             = 6711264
[LOG] SystemI::createSoundInternal             : exinfo->fileoffset         = 44320
[LOG] SystemI::createSoundInternal             : exinfo->numsubsounds       = 1
[LOG] SystemI::createSoundInternal             : exinfo->inclusionlist      = 000000002FCEFB48
[LOG] SystemI::createSoundInternal             : exinfo->inclusionlistnum   = 1
[LOG] SystemI::createSoundInternal             : exinfo->suggestedsoundtype = 5
[LOG] SystemI::createSoundInternal             : exinfo->useropen           = 000007FEDFDA2DF0
[LOG] SystemI::createSoundInternal             : exinfo->userclose          = 000007FEDFDA2DC0
[LOG] SystemI::createSoundInternal             : exinfo->userread           = 000007FEDFDA2ED0
[LOG] SystemI::createSoundInternal             : exinfo->userseek           = 000007FEDFDA2F80
[LOG] SystemI::createSoundInternal             : exinfo->fileuserdata       = 000000002F10EAD8
[LOG] SystemI::createSoundInternal             : exinfo->initialseekpostype = 1
[LOG] SystemI::createSoundInternal             : Format has 1 subsounds.
[LOG] SystemI::createSoundInternal             : Create as FMOD_CREATESAMPLE
[LOG] SystemI::createSoundInternal             : Multi-sample sound (1 subsounds), create a sample container.
[LOG] SystemI::createSoundInternal             : creating subsound 0/1
[LOG] SystemI::createSample                    : mode 0a000202 length 35574 samples, lengthbytes 7168
[LOG] SystemI::createSample                    : channels = 2
[LOG] SystemI::createSample                    : output = 000000002F42D578
[LOG] OutputSoftware::createSample             : lengthpcm 35574, lengthbytes 7168, channels 2, format 2, freq 48000, mode 0a00020a
[LOG] SystemI::createSoundInternal             : done.  OpenState now = FMOD_OPENSTATE_READY.

[LOG] SystemI::createSoundInternal             : filename =  : mode 0a000202
[LOG] SystemI::createSoundInternal             : exinfo->cbsize             = 232
[LOG] SystemI::createSoundInternal             : exinfo->length             = 6711264
[LOG] SystemI::createSoundInternal             : exinfo->fileoffset         = 44320
[LOG] SystemI::createSoundInternal             : exinfo->numsubsounds       = 1
[LOG] SystemI::createSoundInternal             : exinfo->inclusionlist      = 000000002FCEFB48
[LOG] SystemI::createSoundInternal             : exinfo->inclusionlistnum   = 1
[LOG] SystemI::createSoundInternal             : exinfo->suggestedsoundtype = 5
[LOG] SystemI::createSoundInternal             : exinfo->useropen           = 000007FEDFDA2DF0
[LOG] SystemI::createSoundInternal             : exinfo->userclose          = 000007FEDFDA2DC0
[LOG] SystemI::createSoundInternal             : exinfo->userread           = 000007FEDFDA2ED0
[LOG] SystemI::createSoundInternal             : exinfo->userseek           = 000007FEDFDA2F80
[LOG] SystemI::createSoundInternal             : exinfo->fileuserdata       = 000000002F10EAD8
[LOG] SystemI::createSoundInternal             : exinfo->initialseekpostype = 1
[LOG] SystemI::createSoundInternal             : Format has 1 subsounds.
[LOG] SystemI::createSoundInternal             : Create as FMOD_CREATESAMPLE
[LOG] SystemI::createSoundInternal             : Multi-sample sound (1 subsounds), create a sample container.
[LOG] SystemI::createSoundInternal             : creating subsound 0/1
[LOG] SystemI::createSample                    : mode 0a000202 length 34000 samples, lengthbytes 7296
[LOG] SystemI::createSample                    : channels = 2
[LOG] SystemI::createSample                    : output = 000000002F42D578
[LOG] OutputSoftware::createSample             : lengthpcm 34000, lengthbytes 7296, channels 2, format 2, freq 48000, mode 0a00020a
[LOG] SystemI::createSoundInternal             : done.  OpenState now = FMOD_OPENSTATE_READY.

[LOG] SystemI::createSoundInternal             : filename =  : mode 0a000202
[LOG] SystemI::createSoundInternal             : exinfo->cbsize             = 232
[LOG] SystemI::createSoundInternal             : exinfo->length             = 6711264
[LOG] SystemI::createSoundInternal             : exinfo->fileoffset         = 44320
[LOG] SystemI::createSoundInternal             : exinfo->numsubsounds       = 1
[LOG] SystemI::createSoundInternal             : exinfo->inclusionlist      = 000000002FCEFB48
[LOG] SystemI::createSoundInternal             : exinfo->inclusionlistnum   = 1
[LOG] SystemI::createSoundInternal             : exinfo->suggestedsoundtype = 5
[LOG] SystemI::createSoundInternal             : exinfo->useropen           = 000007FEDFDA2DF0
[LOG] SystemI::createSoundInternal             : exinfo->userclose          = 000007FEDFDA2DC0
[LOG] SystemI::createSoundInternal             : exinfo->userread           = 000007FEDFDA2ED0
[LOG] SystemI::createSoundInternal             : exinfo->userseek           = 000007FEDFDA2F80
[LOG] SystemI::createSoundInternal             : exinfo->fileuserdata       = 000000002F10EAD8
[LOG] SystemI::createSoundInternal             : exinfo->initialseekpostype = 1
[LOG] SystemI::createSoundInternal             : Format has 1 subsounds.
[LOG] SystemI::createSoundInternal             : Create as FMOD_CREATESAMPLE
[LOG] SystemI::createSoundInternal             : Multi-sample sound (1 subsounds), create a sample container.
[LOG] SystemI::createSoundInternal             : creating subsound 0/1
[LOG] SystemI::createSample                    : mode 0a000202 length 27499 samples, lengthbytes 5920
[LOG] SystemI::createSample                    : channels = 2
[LOG] SystemI::createSample                    : output = 000000002F42D578
[LOG] OutputSoftware::createSample             : lengthpcm 27499, lengthbytes 5920, channels 2, format 2, freq 48000, mode 0a00020a
[LOG] SystemI::createSoundInternal             : done.  OpenState now = FMOD_OPENSTATE_READY.

[LOG] SystemI::createSoundInternal             : filename =  : mode 0a000202
[LOG] SystemI::createSoundInternal             : exinfo->cbsize             = 232
[LOG] SystemI::createSoundInternal             : exinfo->length             = 6711264
[LOG] SystemI::createSoundInternal             : exinfo->fileoffset         = 44320
[LOG] SystemI::createSoundInternal             : exinfo->numsubsounds       = 1
[LOG] SystemI::createSoundInternal             : exinfo->inclusionlist      = 000000002FCEFB48
[LOG] SystemI::createSoundInternal             : exinfo->inclusionlistnum   = 1
[LOG] SystemI::createSoundInternal             : exinfo->suggestedsoundtype = 5
[LOG] SystemI::createSoundInternal             : exinfo->useropen           = 000007FEDFDA2DF0
[LOG] SystemI::createSoundInternal             : exinfo->userclose          = 000007FEDFDA2DC0
[LOG] SystemI::createSoundInternal             : exinfo->userread           = 000007FEDFDA2ED0
[LOG] SystemI::createSoundInternal             : exinfo->userseek           = 000007FEDFDA2F80
[LOG] SystemI::createSoundInternal             : exinfo->fileuserdata       = 000000002F10EAD8
[LOG] SystemI::createSoundInternal             : exinfo->initialseekpostype = 1
[LOG] SystemI::createSoundInternal             : Format has 1 subsounds.
[LOG] SystemI::createSoundInternal             : Create as FMOD_CREATESAMPLE
[LOG] SystemI::createSoundInternal             : Multi-sample sound (1 subsounds), create a sample container.
[LOG] SystemI::createSoundInternal             : creating subsound 0/1
[LOG] SystemI::createSample                    : mode 0a000202 length 29999 samples, lengthbytes 5888
[LOG] SystemI::createSample                    : channels = 2
[LOG] SystemI::createSample                    : output = 000000002F42D578
[LOG] OutputSoftware::createSample             : lengthpcm 29999, lengthbytes 5888, channels 2, format 2, freq 48000, mode 0a00020a
[LOG] SystemI::createSoundInternal             : done.  OpenState now = FMOD_OPENSTATE_READY.

[LOG] SystemI::createSoundInternal             : filename =  : mode 0a000202
[LOG] SystemI::createSoundInternal             : exinfo->cbsize             = 232
[LOG] SystemI::createSoundInternal             : exinfo->length             = 6711264
[LOG] SystemI::createSoundInternal             : exinfo->fileoffset         = 44320
[LOG] SystemI::createSoundInternal             : exinfo->numsubsounds       = 1
[LOG] SystemI::createSoundInternal             : exinfo->inclusionlist      = 000000002FCEFB48
[LOG] SystemI::createSoundInternal             : exinfo->inclusionlistnum   = 1
[LOG] SystemI::createSoundInternal             : exinfo->suggestedsoundtype = 5
[LOG] SystemI::createSoundInternal             : exinfo->useropen           = 000007FEDFDA2DF0
[LOG] SystemI::createSoundInternal             : exinfo->userclose          = 000007FEDFDA2DC0
[LOG] SystemI::createSoundInternal             : exinfo->userread           = 000007FEDFDA2ED0
[LOG] SystemI::createSoundInternal             : exinfo->userseek           = 000007FEDFDA2F80
[LOG] SystemI::createSoundInternal             : exinfo->fileuserdata       = 000000002F10EAD8
[LOG] SystemI::createSoundInternal             : exinfo->initialseekpostype = 1
[LOG] SystemI::createSoundInternal             : Format has 1 subsounds.
[LOG] SystemI::createSoundInternal             : Create as FMOD_CREATESAMPLE
[LOG] SystemI::createSoundInternal             : Multi-sample sound (1 subsounds), create a sample container.
[LOG] SystemI::createSoundInternal             : creating subsound 0/1
[LOG] SystemI::createSample                    : mode 0a000202 length 27649 samples, lengthbytes 5504
[LOG] SystemI::createSample                    : channels = 2
[LOG] SystemI::createSample                    : output = 000000002F42D578
[LOG] OutputSoftware::createSample             : lengthpcm 27649, lengthbytes 5504, channels 2, format 2, freq 48000, mode 0a00020a
[LOG] SystemI::createSoundInternal             : done.  OpenState now = FMOD_OPENSTATE_READY.

[LOG] SystemI::createSoundInternal             : filename =  : mode 0a000202
[LOG] SystemI::createSoundInternal             : exinfo->cbsize             = 232
[LOG] SystemI::createSoundInternal             : exinfo->length             = 6711264
[LOG] SystemI::createSoundInternal             : exinfo->fileoffset         = 44320
[LOG] SystemI::createSoundInternal             : exinfo->numsubsounds       = 1
[LOG] SystemI::createSoundInternal             : exinfo->inclusionlist      = 000000002FCEFB48
[LOG] SystemI::createSoundInternal             : exinfo->inclusionlistnum   = 1
[LOG] SystemI::createSoundInternal             : exinfo->suggestedsoundtype = 5
[LOG] SystemI::createSoundInternal             : exinfo->useropen           = 000007FEDFDA2DF0
[LOG] SystemI::createSoundInternal             : exinfo->userclose          = 000007FEDFDA2DC0
[LOG] SystemI::createSoundInternal             : exinfo->userread           = 000007FEDFDA2ED0
[LOG] SystemI::createSoundInternal             : exinfo->userseek           = 000007FEDFDA2F80
[LOG] SystemI::createSoundInternal             : exinfo->fileuserdata       = 000000002F10EAD8
[LOG] SystemI::createSoundInternal             : exinfo->initialseekpostype = 1
[LOG] SystemI::createSoundInternal             : Format has 1 subsounds.
[LOG] SystemI::createSoundInternal             : Create as FMOD_CREATESAMPLE
[LOG] SystemI::createSoundInternal             : Multi-sample sound (1 subsounds), create a sample container.
[LOG] SystemI::createSoundInternal             : creating subsound 0/1
[LOG] SystemI::createSample                    : mode 0a000202 length 30725 samples, lengthbytes 6176
[LOG] SystemI::createSample                    : channels = 2
[LOG] SystemI::createSample                    : output = 000000002F42D578
[LOG] OutputSoftware::createSample             : lengthpcm 30725, lengthbytes 6176, channels 2, format 2, freq 48000, mode 0a00020a
[LOG] SystemI::createSoundInternal             : done.  OpenState now = FMOD_OPENSTATE_READY.

[LOG] SystemI::createSoundInternal             : filename =  : mode 0a000202
[LOG] SystemI::createSoundInternal             : exinfo->cbsize             = 232
[LOG] SystemI::createSoundInternal             : exinfo->length             = 6711264
[LOG] SystemI::createSoundInternal             : exinfo->fileoffset         = 44320
[LOG] SystemI::createSoundInternal             : exinfo->numsubsounds       = 1
[LOG] SystemI::createSoundInternal             : exinfo->inclusionlist      = 000000002FCEFB48
[LOG] SystemI::createSoundInternal             : exinfo->inclusionlistnum   = 1
[LOG] SystemI::createSoundInternal             : exinfo->suggestedsoundtype = 5
[LOG] SystemI::createSoundInternal             : exinfo->useropen           = 000007FEDFDA2DF0
[LOG] SystemI::createSoundInternal             : exinfo->userclose          = 000007FEDFDA2DC0
[LOG] SystemI::createSoundInternal             : exinfo->userread           = 000007FEDFDA2ED0
[LOG] SystemI::createSoundInternal             : exinfo->userseek           = 000007FEDFDA2F80
[LOG] SystemI::createSoundInternal             : exinfo->fileuserdata       = 000000002F10EAD8
[LOG] SystemI::createSoundInternal             : exinfo->initialseekpostype = 1
[LOG] SystemI::createSoundInternal             : Format has 1 subsounds.
[LOG] SystemI::createSoundInternal             : Create as FMOD_CREATESAMPLE
[LOG] SystemI::createSoundInternal             : Multi-sample sound (1 subsounds), create a sample container.
[LOG] SystemI::createSoundInternal             : creating subsound 0/1
[LOG] SystemI::createSample                    : mode 0a000202 length 34674 samples, lengthbytes 7104
[LOG] SystemI::createSample                    : channels = 2
[LOG] SystemI::createSample                    : output = 000000002F42D578
[LOG] OutputSoftware::createSample             : lengthpcm 34674, lengthbytes 7104, channels 2, format 2, freq 48000, mode 0a00020a
[LOG] SystemI::createSoundInternal             : done.  OpenState now = FMOD_OPENSTATE_READY.

[LOG] SystemI::createSoundInternal             : filename =  : mode 0a000202
[LOG] SystemI::createSoundInternal             : exinfo->cbsize             = 232
[LOG] SystemI::createSoundInternal             : exinfo->length             = 6711264
[LOG] SystemI::createSoundInternal             : exinfo->fileoffset         = 44320
[LOG] SystemI::createSoundInternal             : exinfo->numsubsounds       = 1
[LOG] SystemI::createSoundInternal             : exinfo->inclusionlist      = 000000002FCEFB48
[LOG] SystemI::createSoundInternal             : exinfo->inclusionlistnum   = 1
[LOG] SystemI::createSoundInternal             : exinfo->suggestedsoundtype = 5
[LOG] SystemI::createSoundInternal             : exinfo->useropen           = 000007FEDFDA2DF0
[LOG] SystemI::createSoundInternal             : exinfo->userclose          = 000007FEDFDA2DC0
[LOG] SystemI::createSoundInternal             : exinfo->userread           = 000007FEDFDA2ED0
[LOG] SystemI::createSoundInternal             : exinfo->userseek           = 000007FEDFDA2F80
[LOG] SystemI::createSoundInternal             : exinfo->fileuserdata       = 000000002F10EAD8
[LOG] SystemI::createSoundInternal             : exinfo->initialseekpostype = 1
[LOG] SystemI::createSoundInternal             : Format has 1 subsounds.
[LOG] SystemI::createSoundInternal             : Create as FMOD_CREATESAMPLE
[LOG] SystemI::createSoundInternal             : Multi-sample sound (1 subsounds), create a sample container.
[LOG] SystemI::createSoundInternal             : creating subsound 0/1
[LOG] SystemI::createSample                    : mode 0a000202 length 29874 samples, lengthbytes 5952
[LOG] SystemI::createSample                    : channels = 2
[LOG] SystemI::createSample                    : output = 000000002F42D578
[LOG] OutputSoftware::createSample             : lengthpcm 29874, lengthbytes 5952, channels 2, format 2, freq 48000, mode 0a00020a
[LOG] SystemI::createSoundInternal             : done.  OpenState now = FMOD_OPENSTATE_READY.

[LOG] SystemI::createSoundInternal             : filename =  : mode 0a000202
[LOG] SystemI::createSoundInternal             : exinfo->cbsize             = 232
[LOG] SystemI::createSoundInternal             : exinfo->length             = 6711264
[LOG] SystemI::createSoundInternal             : exinfo->fileoffset         = 44320
[LOG] SystemI::createSoundInternal             : exinfo->numsubsounds       = 1
[LOG] SystemI::createSoundInternal             : exinfo->inclusionlist      = 000000002FCEFB48
[LOG] SystemI::createSoundInternal             : exinfo->inclusionlistnum   = 1
[LOG] SystemI::createSoundInternal             : exinfo->suggestedsoundtype = 5
[LOG] SystemI::createSoundInternal             : exinfo->useropen           = 000007FEDFDA2DF0
[LOG] SystemI::createSoundInternal             : exinfo->userclose          = 000007FEDFDA2DC0
[LOG] SystemI::createSoundInternal             : exinfo->userread           = 000007FEDFDA2ED0
[LOG] SystemI::createSoundInternal             : exinfo->userseek           = 000007FEDFDA2F80
[LOG] SystemI::createSoundInternal             : exinfo->fileuserdata       = 000000002F10EAD8
[LOG] SystemI::createSoundInternal             : exinfo->initialseekpostype = 1
[LOG] SystemI::createSoundInternal             : Format has 1 subsounds.
[LOG] SystemI::createSoundInternal             : Create as FMOD_CREATESAMPLE
[LOG] SystemI::createSoundInternal             : Multi-sample sound (1 subsounds), create a sample container.
[LOG] SystemI::createSoundInternal             : creating subsound 0/1
[LOG] SystemI::createSample                    : mode 0a000202 length 37999 samples, lengthbytes 7712
[LOG] SystemI::createSample                    : channels = 2
[LOG] SystemI::createSample                    : output = 000000002F42D578
[LOG] OutputSoftware::createSample             : lengthpcm 37999, lengthbytes 7712, channels 2, format 2, freq 48000, mode 0a00020a
[LOG] SystemI::createSoundInternal             : done.  OpenState now = FMOD_OPENSTATE_READY.

[LOG] SystemI::createSoundInternal             : filename =  : mode 0a000202
[LOG] SystemI::createSoundInternal             : exinfo->cbsize             = 232
[LOG] SystemI::createSoundInternal             : exinfo->length             = 6711264
[LOG] SystemI::createSoundInternal             : exinfo->fileoffset         = 44320
[LOG] SystemI::createSoundInternal             : exinfo->numsubsounds       = 1
[LOG] SystemI::createSoundInternal             : exinfo->inclusionlist      = 000000002FCEFB48
[LOG] SystemI::createSoundInternal             : exinfo->inclusionlistnum   = 1
[LOG] SystemI::createSoundInternal             : exinfo->suggestedsoundtype = 5
[LOG] SystemI::createSoundInternal             : exinfo->useropen           = 000007FEDFDA2DF0
[LOG] SystemI::createSoundInternal             : exinfo->userclose          = 000007FEDFDA2DC0
[LOG] SystemI::createSoundInternal             : exinfo->userread           = 000007FEDFDA2ED0
[LOG] SystemI::createSoundInternal             : exinfo->userseek           = 000007FEDFDA2F80
[LOG] SystemI::createSoundInternal             : exinfo->fileuserdata       = 000000002F10EAD8
[LOG] SystemI::createSoundInternal             : exinfo->initialseekpostype = 1
[LOG] SystemI::createSoundInternal             : Format has 1 subsounds.
[LOG] SystemI::createSoundInternal             : Create as FMOD_CREATESAMPLE
[LOG] SystemI::createSoundInternal             : Multi-sample sound (1 subsounds), create a sample container.
[LOG] SystemI::createSoundInternal             : creating subsound 0/1
[LOG] SystemI::createSample                    : mode 0a000202 length 34000 samples, lengthbytes 7008
[LOG] SystemI::createSample                    : channels = 2
[LOG] SystemI::createSample                    : output = 000000002F42D578
[LOG] OutputSoftware::createSample             : lengthpcm 34000, lengthbytes 7008, channels 2, format 2, freq 48000, mode 0a00020a
[LOG] SystemI::createSoundInternal             : done.  OpenState now = FMOD_OPENSTATE_READY.

[LOG] SystemI::createSoundInternal             : filename =  : mode 0a000202
[LOG] SystemI::createSoundInternal             : exinfo->cbsize             = 232
[LOG] SystemI::createSoundInternal             : exinfo->length             = 6711264
[LOG] SystemI::createSoundInternal             : exinfo->fileoffset         = 44320
[LOG] SystemI::createSoundInternal             : exinfo->numsubsounds       = 1
[LOG] SystemI::createSoundInternal             : exinfo->inclusionlist      = 000000002FCEFB48
[LOG] SystemI::createSoundInternal             : exinfo->inclusionlistnum   = 1
[LOG] SystemI::createSoundInternal             : exinfo->suggestedsoundtype = 5
[LOG] SystemI::createSoundInternal             : exinfo->useropen           = 000007FEDFDA2DF0
[LOG] SystemI::createSoundInternal             : exinfo->userclose          = 000007FEDFDA2DC0
[LOG] SystemI::createSoundInternal             : exinfo->userread           = 000007FEDFDA2ED0
[LOG] SystemI::createSoundInternal             : exinfo->userseek           = 000007FEDFDA2F80
[LOG] SystemI::createSoundInternal             : exinfo->fileuserdata       = 000000002F10EAD8
[LOG] SystemI::createSoundInternal             : exinfo->initialseekpostype = 1
[LOG] SystemI::createSoundInternal             : Format has 1 subsounds.
[LOG] SystemI::createSoundInternal             : Create as FMOD_CREATESAMPLE
[LOG] SystemI::createSoundInternal             : Multi-sample sound (1 subsounds), create a sample container.
[LOG] SystemI::createSoundInternal             : creating subsound 0/1
[LOG] SystemI::createSample                    : mode 0a000202 length 38224 samples, lengthbytes 7776
[LOG] SystemI::createSample                    : channels = 2
[LOG] SystemI::createSample                    : output = 000000002F42D578
[LOG] OutputSoftware::createSample             : lengthpcm 38224, lengthbytes 7776, channels 2, format 2, freq 48000, mode 0a00020a
[LOG] SystemI::createSoundInternal             : done.  OpenState now = FMOD_OPENSTATE_READY.

[LOG] SystemI::createSoundInternal             : filename =  : mode 0a000202
[LOG] SystemI::createSoundInternal             : exinfo->cbsize             = 232
[LOG] SystemI::createSoundInternal             : exinfo->length             = 6711264
[LOG] SystemI::createSoundInternal             : exinfo->fileoffset         = 44320
[LOG] SystemI::createSoundInternal             : exinfo->numsubsounds       = 1
[LOG] SystemI::createSoundInternal             : exinfo->inclusionlist      = 000000002FCEFB48
[LOG] SystemI::createSoundInternal             : exinfo->inclusionlistnum   = 1
[LOG] SystemI::createSoundInternal             : exinfo->suggestedsoundtype = 5
[LOG] SystemI::createSoundInternal             : exinfo->useropen           = 000007FEDFDA2DF0
[LOG] SystemI::createSoundInternal             : exinfo->userclose          = 000007FEDFDA2DC0
[LOG] SystemI::createSoundInternal             : exinfo->userread           = 000007FEDFDA2ED0
[LOG] SystemI::createSoundInternal             : exinfo->userseek           = 000007FEDFDA2F80
[LOG] SystemI::createSoundInternal             : exinfo->fileuserdata       = 000000002F10EAD8
[LOG] SystemI::createSoundInternal             : exinfo->initialseekpostype = 1
[LOG] SystemI::createSoundInternal             : Format has 1 subsounds.
[LOG] SystemI::createSoundInternal             : Create as FMOD_CREATESAMPLE
[LOG] SystemI::createSoundInternal             : Multi-sample sound (1 subsounds), create a sample container.
[LOG] SystemI::createSoundInternal             : creating subsound 0/1
[LOG] SystemI::createSample                    : mode 0a000202 length 33374 samples, lengthbytes 6976
[LOG] SystemI::createSample                    : channels = 2
[LOG] SystemI::createSample                    : output = 000000002F42D578
[LOG] OutputSoftware::createSample             : lengthpcm 33374, lengthbytes 6976, channels 2, format 2, freq 48000, mode 0a00020a
[LOG] SystemI::createSoundInternal             : done.  OpenState now = FMOD_OPENSTATE_READY.

[LOG] SystemI::createSoundInternal             : filename =  : mode 0a000202
[LOG] SystemI::createSoundInternal             : exinfo->cbsize             = 232
[LOG] SystemI::createSoundInternal             : exinfo->length             = 6711264
[LOG] SystemI::createSoundInternal             : exinfo->fileoffset         = 44320
[LOG] SystemI::createSoundInternal             : exinfo->numsubsounds       = 1
[LOG] SystemI::createSoundInternal             : exinfo->inclusionlist      = 000000002FCEFB48
[LOG] SystemI::createSoundInternal             : exinfo->inclusionlistnum   = 1
[LOG] SystemI::createSoundInternal             : exinfo->suggestedsoundtype = 5
[LOG] SystemI::createSoundInternal             : exinfo->useropen           = 000007FEDFDA2DF0
[LOG] SystemI::createSoundInternal             : exinfo->userclose          = 000007FEDFDA2DC0
[LOG] SystemI::createSoundInternal             : exinfo->userread           = 000007FEDFDA2ED0
[LOG] SystemI::createSoundInternal             : exinfo->userseek           = 000007FEDFDA2F80
[LOG] SystemI::createSoundInternal             : exinfo->fileuserdata       = 000000002F10EAD8
[LOG] SystemI::createSoundInternal             : exinfo->initialseekpostype = 1
[LOG] SystemI::createSoundInternal             : Format has 1 subsounds.
[LOG] SystemI::createSoundInternal             : Create as FMOD_CREATESAMPLE
[LOG] SystemI::createSoundInternal             : Multi-sample sound (1 subsounds), create a sample container.
[LOG] SystemI::createSoundInternal             : creating subsound 0/1
[LOG] SystemI::createSample                    : mode 0a000202 length 28000 samples, lengthbytes 5792
[LOG] SystemI::createSample                    : channels = 2
[LOG] SystemI::createSample                    : output = 000000002F42D578
[LOG] OutputSoftware::createSample             : lengthpcm 28000, lengthbytes 5792, channels 2, format 2, freq 48000, mode 0a00020a
[LOG] SystemI::createSoundInternal             : done.  OpenState now = FMOD_OPENSTATE_READY.

[WRN] EventInstance::update                    : Event {ec25ec0f-28a1-4ead-82e8-2cee61ae7173} waited 191 milliseconds for sample data to load.  Preload sample data to avoid this delay.
[LOG] SoundI::release                          : (null) (000000002F406DD8)
[LOG] SoundI::release                          : release subsounds. (000000002F406DD8)
[LOG] SoundI::release                          :     (null) (000000002F3F3298)
[LOG] SoundI::release                          : release codec. (000000002F406DD8)
[LOG] SoundI::release                          : (null) (000000002F515388)
[LOG] SoundI::release                          : release subsounds. (000000002F515388)
[LOG] SoundI::release                          :     (null) (000000002F41B5B8)
[LOG] SoundI::release                          : release codec. (000000002F515388)
[LOG] SoundI::release                          : (null) (000000002F515668)
[LOG] SoundI::release                          : release subsounds. (000000002F515668)
[LOG] SoundI::release                          :     (null) (000000002F635FC8)
[LOG] SoundI::release                          : release codec. (000000002F515668)
[LOG] SoundI::release                          : (null) (000000002F406C68)
[LOG] SoundI::release                          : release subsounds. (000000002F406C68)
[LOG] SoundI::release                          :     (null) (000000002F3F2C58)
[LOG] SoundI::release                          : release codec. (000000002F406C68)
[LOG] SoundI::release                          : (null) (000000002F406818)
[LOG] SoundI::release                          : release subsounds. (000000002F406818)
[LOG] SoundI::release                          :     (null) (000000002F3F22F8)
[LOG] SoundI::release                          : release codec. (000000002F406818)
[LOG] SoundI::release                          : (null) (000000002F488AA8)
[LOG] SoundI::release                          : release subsounds. (000000002F488AA8)
[LOG] SoundI::release                          :     (null) (000000002EB50718)
[LOG] SoundI::release                          : release codec. (000000002F488AA8)
[LOG] SoundI::release                          : (null) (000000002F4070B8)
[LOG] SoundI::release                          : release subsounds. (000000002F4070B8)
[LOG] SoundI::release                          :     (null) (000000002F41AF78)
[LOG] SoundI::release                          : release codec. (000000002F4070B8)
[LOG] SoundI::release                          : (null) (000000002F407398)
[LOG] SoundI::release                          : release subsounds. (000000002F407398)
[LOG] SoundI::release                          :     (null) (000000002F41B428)
[LOG] SoundI::release                          : release codec. (000000002F407398)
[LOG] SoundI::release                          : (null) (000000002F514DC8)
[LOG] SoundI::release                          : release subsounds. (000000002F514DC8)
[LOG] SoundI::release                          :     (null) (000000002F3F3BF8)
[LOG] SoundI::release                          : release codec. (000000002F514DC8)
[LOG] SoundI::release                          : (null) (000000002F406AF8)
[LOG] SoundI::release                          : release subsounds. (000000002F406AF8)
[LOG] SoundI::release                          :     (null) (000000002F41AAC8)
[LOG] SoundI::release                          : release codec. (000000002F406AF8)
[LOG] SoundI::release                          : (null) (000000002F407508)
[LOG] SoundI::release                          : release subsounds. (000000002F407508)
[LOG] SoundI::release                          :     (null) (000000002F41B108)
[LOG] SoundI::release                          : release codec. (000000002F407508)
[LOG] SoundI::release                          : (null) (000000002F514F38)
[LOG] SoundI::release                          : release subsounds. (000000002F514F38)
[LOG] SoundI::release                          :     (null) (000000002F3F3428)
[LOG] SoundI::release                          : release codec. (000000002F514F38)
[LOG] SoundI::release                          : (null) (000000002F5154F8)
[LOG] SoundI::release                          : release subsounds. (000000002F5154F8)
[LOG] SoundI::release                          :     (null) (000000002F41B298)
[LOG] SoundI::release                          : release codec. (000000002F5154F8)
[LOG] SoundI::release                          : (null) (000000002F5157D8)
[LOG] SoundI::release                          : release subsounds. (000000002F5157D8)
[LOG] SoundI::release                          :     (null) (000000002F637418)
[LOG] SoundI::release                          : release codec. (000000002F5157D8)
[LOG] SoundI::release                          : (null) (000000002F515AB8)
[LOG] SoundI::release                          : release subsounds. (000000002F515AB8)
[LOG] SoundI::release                          :     (null) (000000002F636DD8)
[LOG] SoundI::release                          : release codec. (000000002F515AB8)
[LOG] SoundI::release                          : (null) (000000002F406988)
[LOG] SoundI::release                          : release subsounds. (000000002F406988)
[LOG] SoundI::release                          :     (null) (000000002F41B8D8)
[LOG] SoundI::release                          : release codec. (000000002F406988)
[LOG] SoundI::release                          : (null) (000000002F4887C8)
[LOG] SoundI::release                          : release subsounds. (000000002F4887C8)
[LOG] SoundI::release                          :     (null) (000000002F636158)
[LOG] SoundI::release                          : release codec. (000000002F4887C8)
[LOG] SoundI::release                          : (null) (000000002F406F48)
[LOG] SoundI::release                          : release subsounds. (000000002F406F48)
[LOG] SoundI::release                          :     (null) (000000002F3F35B8)
[LOG] SoundI::release                          : release codec. (000000002F406F48)
[LOG] SoundI::release                          : (null) (000000002F4884E8)
[LOG] SoundI::release                          : release subsounds. (000000002F4884E8)
[LOG] SoundI::release                          :     (null) (000000002F3F40A8)
[LOG] SoundI::release                          : release codec. (000000002F4884E8)
[LOG] SoundI::release                          : (null) (000000002F407228)
[LOG] SoundI::release                          : release subsounds. (000000002F407228)
[LOG] SoundI::release                          :     (null) (000000002F41ADE8)
[LOG] SoundI::release                          : release codec. (000000002F407228)
[LOG] SoundI::release                          : (null) (000000002F488938)
[LOG] SoundI::release                          : release subsounds. (000000002F488938)
[LOG] SoundI::release                          :     (null) (000000002F637738)
[LOG] SoundI::release                          : release codec. (000000002F488938)
[LOG] SoundI::release                          : (null) (000000002F488658)
[LOG] SoundI::release                          : release subsounds. (000000002F488658)
[LOG] SoundI::release                          :     (null) (000000002F637BE8)
[LOG] SoundI::release                          : release codec. (000000002F488658)
[LOG] SoundI::release                          : (null) (000000002F515948)
[LOG] SoundI::release                          : release subsounds. (000000002F515948)
[LOG] SoundI::release                          :     (null) (000000002F41C3C8)
[LOG] SoundI::release                          : release codec. (000000002F515948)
[LOG] SoundI::release                          : (null) (000000002F515218)
[LOG] SoundI::release                          : release subsounds. (000000002F515218)
[LOG] SoundI::release                          :     (null) (000000002F41AC58)
[LOG] SoundI::release                          : release codec. (000000002F515218)
[LOG] SoundI::release                          : (null) (000000002F5150A8)
[LOG] SoundI::release                          : release subsounds. (000000002F5150A8)
[LOG] SoundI::release                          :     (null) (000000002F41C0A8)
[LOG] SoundI::release                          : release codec. (000000002F5150A8)
[LOG] Thread::callback                         : * FMOD Studio bank load thread finished
[LOG] Thread::close                            : FMOD Studio bank load thread thread destroyed
[LOG] Thread::callback                         : * FMOD Studio sample load thread finished
[LOG] Thread::close                            : FMOD Studio sample load thread thread destroyed
[LOG] LiveUpdate::release                      : 
[LOG] SystemI::close                           : 
[LOG] SystemI::close                           : Stop all sounds
[LOG] Thread::callback                         : * FMOD stream thread finished
[LOG] Thread::close                            : FMOD stream thread thread destroyed
[LOG] SystemI::close                           : Stream thread destroyed
[LOG] Thread::callback                         : * FMOD mixer thread finished
[LOG] Thread::close                            : FMOD mixer thread thread destroyed
[LOG] SystemI::close                           : Free master channel group.
[LOG] SystemI::close                           : Remove 'master' sound group.
[LOG] SystemI::close                           : Free software output.
[LOG] SystemI::close                           : Free emulated output.
[LOG] SystemI::close                           : Free channel pool.
[LOG] SystemI::close                           : done.

[LOG] System::create                           : Header version = 1.08.01. Current version = 1.08.01.
