[LOG] SystemI::init                            : FMOD Studio Version: 00010801 (74554)
[LOG] SystemI::init                            : maxchannels = 1024, flags = 00030000, extradriverdata = 0000000000000000
[LOG] SystemI::close                           : 
[LOG] SystemI::close                           : Stop all sounds
[LOG] SystemI::close                           : done.

[LOG] OutputWASAPI::init                       : Mix Format (WAVEFORMATEX): wFormatTag=0xFFFE, nChannels=2, nSamplesPerSec=48000, nAvgBytesPerSec=384000, nBlockAlign=8, wBitsPerSample=32, cbSize=22.
[LOG] OutputWASAPI::init                       : Mix Format (WAVEFORMATEXTENSIBLE): wValidBitsPerSample=32, dwChannelMask=0x00000003, SubFormat=00000003-0000-0010-8000-00AA00389B71.
[LOG] OutputWASAPI::init                       : Output buffer size: 4096 samples, latency: 10.67ms, period: 10.00ms, DSP buffer: 1024 * 4
[LOG] Thread::initThread                       : Initializing FMOD mixer thread.  priority 3
[LOG] Thread::initThread                       : - Stacksize 49152.  Stack pointer 0000000000000000 : usesemaphore = 0 : sleeptime = 0
[LOG] Thread::callback                         : * FMOD mixer thread started
[LOG] SystemI::init                            : Set up emulated output
[LOG] SystemI::init                            : create the channel pool
[LOG] Thread::initThread                       : Initializing FMOD stream thread.  priority 2
[LOG] Thread::initThread                       : - Stacksize 65536.  Stack pointer 0000000000000000 : usesemaphore = 0 : sleeptime = 10
[LOG] Thread::callback                         : * FMOD stream thread started
[LOG] Thread::initThread                       : Initializing FMOD Studio update thread.  priority 0
[LOG] Thread::initThread                       : - Stacksize 65536.  Stack pointer 0000000000000000 : usesemaphore = 0 : sleeptime = 1
[LOG] Thread::callback                         : * FMOD Studio update thread started
[LOG] Thread::initThread                       : Initializing FMOD Studio sample load thread.  priority 0
[LOG] Thread::initThread                       : - Stacksize 65536.  Stack pointer 0000000000000000 : usesemaphore = 0 : sleeptime = 1
[LOG] Thread::callback                         : * FMOD Studio sample load thread started
[LOG] LiveUpdate::init                         : 
[LOG] Thread::initThread                       : Initializing FMOD Studio bank load thread.  priority 0
[LOG] Thread::initThread                       : - Stacksize 65536.  Stack pointer 0000000000000000 : usesemaphore = 0 : sleeptime = 1
[LOG] Thread::callback                         : * FMOD Studio bank load thread started
[LOG] Profile::init                            : Profiler listening on port: 9264
[LOG] Manager::readBank                        : fileversion = 72, compatVersion = 70 (oldest = 44, newest = 74)
[LOG] Manager::readBank                        : fileversion = 72, compatVersion = 70 (oldest = 44, newest = 74)
[LOG] PlaybackSystem::acquireMasterBus         : Setting master channel group format to 3
[LOG] SystemI::createSoundInternal             : filename =  : mode 0a000202
[LOG] SystemI::createSoundInternal             : exinfo->cbsize             = 232
[LOG] SystemI::createSoundInternal             : exinfo->length             = 5300896
[LOG] SystemI::createSoundInternal             : exinfo->fileoffset         = 50528
[LOG] SystemI::createSoundInternal             : exinfo->numsubsounds       = 1
[LOG] SystemI::createSoundInternal             : exinfo->inclusionlist      = 000000004A9AFB48
[LOG] SystemI::createSoundInternal             : exinfo->inclusionlistnum   = 1
[LOG] SystemI::createSoundInternal             : exinfo->suggestedsoundtype = 5
[LOG] SystemI::createSoundInternal             : exinfo->useropen           = 000007FEDF142DF0
[LOG] SystemI::createSoundInternal             : exinfo->userclose          = 000007FEDF142DC0
[LOG] SystemI::createSoundInternal             : exinfo->userread           = 000007FEDF142ED0
[LOG] SystemI::createSoundInternal             : exinfo->userseek           = 000007FEDF142F80
[LOG] SystemI::createSoundInternal             : exinfo->fileuserdata       = 000000004F76C098
[LOG] SystemI::createSoundInternal             : exinfo->initialseekpostype = 1
[LOG] SystemI::createSoundInternal             : Format has 1 subsounds.
[LOG] SystemI::createSoundInternal             : Create as FMOD_CREATESAMPLE
[LOG] SystemI::createSoundInternal             : Multi-sample sound (1 subsounds), create a sample container.
[LOG] SystemI::createSoundInternal             : creating subsound 0/1
[LOG] SystemI::createSample                    : mode 0a000202 length 201000 samples, lengthbytes 48640
[LOG] SystemI::createSample                    : channels = 2
[LOG] SystemI::createSample                    : output = 000000004FC80DF8
[LOG] OutputSoftware::createSample             : lengthpcm 201000, lengthbytes 48640, channels 2, format 2, freq 48000, mode 0a00020a
[LOG] SystemI::createSoundInternal             : done.  OpenState now = FMOD_OPENSTATE_READY.

[LOG] SystemI::createSoundInternal             : filename =  : mode 0a000202
[LOG] SystemI::createSoundInternal             : exinfo->cbsize             = 232
[LOG] SystemI::createSoundInternal             : exinfo->length             = 5300896
[LOG] SystemI::createSoundInternal             : exinfo->fileoffset         = 50528
[LOG] SystemI::createSoundInternal             : exinfo->numsubsounds       = 1
[LOG] SystemI::createSoundInternal             : exinfo->inclusionlist      = 000000004A9AFB48
[LOG] SystemI::createSoundInternal             : exinfo->inclusionlistnum   = 1
[LOG] SystemI::createSoundInternal             : exinfo->suggestedsoundtype = 5
[LOG] SystemI::createSoundInternal             : exinfo->useropen           = 000007FEDF142DF0
[LOG] SystemI::createSoundInternal             : exinfo->userclose          = 000007FEDF142DC0
[LOG] SystemI::createSoundInternal             : exinfo->userread           = 000007FEDF142ED0
[LOG] SystemI::createSoundInternal             : exinfo->userseek           = 000007FEDF142F80
[LOG] SystemI::createSoundInternal             : exinfo->fileuserdata       = 000000004F76C098
[LOG] SystemI::createSoundInternal             : exinfo->initialseekpostype = 1
[LOG] SystemI::createSoundInternal             : Format has 1 subsounds.
[LOG] SystemI::createSoundInternal             : Create as FMOD_CREATESAMPLE
[LOG] SystemI::createSoundInternal             : Multi-sample sound (1 subsounds), create a sample container.
[LOG] SystemI::createSoundInternal             : creating subsound 0/1
[LOG] SystemI::createSample                    : mode 0a000202 length 164572 samples, lengthbytes 46176
[LOG] SystemI::createSample                    : channels = 2
[LOG] SystemI::createSample                    : output = 000000004FC80DF8
[LOG] OutputSoftware::createSample             : lengthpcm 164572, lengthbytes 46176, channels 2, format 2, freq 48000, mode 0a00020a
[LOG] SystemI::createSoundInternal             : done.  OpenState now = FMOD_OPENSTATE_READY.

[LOG] SystemI::createSoundInternal             : filename =  : mode 0a000202
[LOG] SystemI::createSoundInternal             : exinfo->cbsize             = 232
[LOG] SystemI::createSoundInternal             : exinfo->length             = 5300896
[LOG] SystemI::createSoundInternal             : exinfo->fileoffset         = 50528
[LOG] SystemI::createSoundInternal             : exinfo->numsubsounds       = 1
[LOG] SystemI::createSoundInternal             : exinfo->inclusionlist      = 000000004A9AFB48
[LOG] SystemI::createSoundInternal             : exinfo->inclusionlistnum   = 1
[LOG] SystemI::createSoundInternal             : exinfo->suggestedsoundtype = 5
[LOG] SystemI::createSoundInternal             : exinfo->useropen           = 000007FEDF142DF0
[LOG] SystemI::createSoundInternal             : exinfo->userclose          = 000007FEDF142DC0
[LOG] SystemI::createSoundInternal             : exinfo->userread           = 000007FEDF142ED0
[LOG] SystemI::createSoundInternal             : exinfo->userseek           = 000007FEDF142F80
[LOG] SystemI::createSoundInternal             : exinfo->fileuserdata       = 000000004F76C098
[LOG] SystemI::createSoundInternal             : exinfo->initialseekpostype = 1
[LOG] SystemI::createSoundInternal             : Format has 1 subsounds.
[LOG] SystemI::createSoundInternal             : Create as FMOD_CREATESAMPLE
[LOG] SystemI::createSoundInternal             : Multi-sample sound (1 subsounds), create a sample container.
[LOG] SystemI::createSoundInternal             : creating subsound 0/1
[LOG] SystemI::createSample                    : mode 0a000202 length 329143 samples, lengthbytes 82880
[LOG] SystemI::createSample                    : channels = 2
[LOG] SystemI::createSample                    : output = 000000004FC80DF8
[LOG] OutputSoftware::createSample             : lengthpcm 329143, lengthbytes 82880, channels 2, format 2, freq 48000, mode 0a00020a
[LOG] SystemI::createSoundInternal             : done.  OpenState now = FMOD_OPENSTATE_READY.

[LOG] SystemI::createSoundInternal             : filename =  : mode 0a000202
[LOG] SystemI::createSoundInternal             : exinfo->cbsize             = 232
[LOG] SystemI::createSoundInternal             : exinfo->length             = 5300896
[LOG] SystemI::createSoundInternal             : exinfo->fileoffset         = 50528
[LOG] SystemI::createSoundInternal             : exinfo->numsubsounds       = 1
[LOG] SystemI::createSoundInternal             : exinfo->inclusionlist      = 000000004A9AFB48
[LOG] SystemI::createSoundInternal             : exinfo->inclusionlistnum   = 1
[LOG] SystemI::createSoundInternal             : exinfo->suggestedsoundtype = 5
[LOG] SystemI::createSoundInternal             : exinfo->useropen           = 000007FEDF142DF0
[LOG] SystemI::createSoundInternal             : exinfo->userclose          = 000007FEDF142DC0
[LOG] SystemI::createSoundInternal             : exinfo->userread           = 000007FEDF142ED0
[LOG] SystemI::createSoundInternal             : exinfo->userseek           = 000007FEDF142F80
[LOG] SystemI::createSoundInternal             : exinfo->fileuserdata       = 000000004F76C098
[LOG] SystemI::createSoundInternal             : exinfo->initialseekpostype = 1
[LOG] SystemI::createSoundInternal             : Format has 1 subsounds.
[LOG] SystemI::createSoundInternal             : Create as FMOD_CREATESAMPLE
[LOG] SystemI::createSoundInternal             : Multi-sample sound (1 subsounds), create a sample container.
[LOG] SystemI::createSoundInternal             : creating subsound 0/1
[LOG] SystemI::createSample                    : mode 0a000202 length 201000 samples, lengthbytes 50848
[LOG] SystemI::createSample                    : channels = 2
[LOG] SystemI::createSample                    : output = 000000004FC80DF8
[LOG] OutputSoftware::createSample             : lengthpcm 201000, lengthbytes 50848, channels 2, format 2, freq 48000, mode 0a00020a
[LOG] SystemI::createSoundInternal             : done.  OpenState now = FMOD_OPENSTATE_READY.

[LOG] SystemI::createSoundInternal             : filename =  : mode 0a000202
[LOG] SystemI::createSoundInternal             : exinfo->cbsize             = 232
[LOG] SystemI::createSoundInternal             : exinfo->length             = 5300896
[LOG] SystemI::createSoundInternal             : exinfo->fileoffset         = 50528
[LOG] SystemI::createSoundInternal             : exinfo->numsubsounds       = 1
[LOG] SystemI::createSoundInternal             : exinfo->inclusionlist      = 000000004A9AFB48
[LOG] SystemI::createSoundInternal             : exinfo->inclusionlistnum   = 1
[LOG] SystemI::createSoundInternal             : exinfo->suggestedsoundtype = 5
[LOG] SystemI::createSoundInternal             : exinfo->useropen           = 000007FEDF142DF0
[LOG] SystemI::createSoundInternal             : exinfo->userclose          = 000007FEDF142DC0
[LOG] SystemI::createSoundInternal             : exinfo->userread           = 000007FEDF142ED0
[LOG] SystemI::createSoundInternal             : exinfo->userseek           = 000007FEDF142F80
[LOG] SystemI::createSoundInternal             : exinfo->fileuserdata       = 000000004F76C098
[LOG] SystemI::createSoundInternal             : exinfo->initialseekpostype = 1
[LOG] SystemI::createSoundInternal             : Format has 1 subsounds.
[LOG] SystemI::createSoundInternal             : Create as FMOD_CREATESAMPLE
[LOG] SystemI::createSoundInternal             : Multi-sample sound (1 subsounds), create a sample container.
[LOG] SystemI::createSoundInternal             : creating subsound 0/1
[LOG] SystemI::createSample                    : mode 0a000202 length 201000 samples, lengthbytes 48000
[LOG] SystemI::createSample                    : channels = 2
[LOG] SystemI::createSample                    : output = 000000004FC80DF8
[LOG] OutputSoftware::createSample             : lengthpcm 201000, lengthbytes 48000, channels 2, format 2, freq 48000, mode 0a00020a
[LOG] SystemI::createSoundInternal             : done.  OpenState now = FMOD_OPENSTATE_READY.

[LOG] SoundI::release                          : (null) (000000004FE3D078)
[LOG] SoundI::release                          : release subsounds. (000000004FE3D078)
[LOG] SoundI::release                          :     (null) (000000004F8A16D8)
[LOG] SoundI::release                          : release codec. (000000004FE3D078)
[LOG] SoundI::release                          : (null) (000000004F57BBD8)
[LOG] SoundI::release                          : release subsounds. (000000004F57BBD8)
[LOG] SoundI::release                          :     (null) (000000004F8A3488)
[LOG] SoundI::release                          : release codec. (000000004F57BBD8)
[LOG] SoundI::release                          : (null) (000000004FE3D1E8)
[LOG] SoundI::release                          : release subsounds. (000000004FE3D1E8)
[LOG] SoundI::release                          :     (null) (000000004F8A2CB8)
[LOG] SoundI::release                          : release codec. (000000004FE3D1E8)
[LOG] SoundI::release                          : (null) (000000004FE3CD98)
[LOG] SoundI::release                          : release subsounds. (000000004FE3CD98)
[LOG] SoundI::release                          :     (null) (000000004F8A3938)
[LOG] SoundI::release                          : release codec. (000000004FE3CD98)
[LOG] SoundI::release                          : (null) (000000004FE3CF08)
[LOG] SoundI::release                          : release subsounds. (000000004FE3CF08)
[LOG] SoundI::release                          :     (null) (000000004F8A3DE8)
[LOG] SoundI::release                          : release codec. (000000004FE3CF08)
[LOG] Thread::callback                         : * FMOD Studio update thread finished
[LOG] Thread::close                            : FMOD Studio update thread thread destroyed
[LOG] Thread::callback                         : * FMOD Studio bank load thread finished
[LOG] Thread::close                            : FMOD Studio bank load thread thread destroyed
[LOG] Profile::disconnectAll                   : Profiler disconnecting all clients
[LOG] Thread::callback                         : * FMOD Studio sample load thread finished
[LOG] Thread::close                            : FMOD Studio sample load thread thread destroyed
[LOG] LiveUpdate::release                      : 
[LOG] SystemI::close                           : 
[LOG] SystemI::close                           : Stop all sounds
[LOG] Thread::callback                         : * FMOD stream thread finished
[LOG] Thread::close                            : FMOD stream thread thread destroyed
[LOG] SystemI::close                           : Stream thread destroyed
[LOG] Thread::callback                         : * FMOD mixer thread finished
[LOG] Thread::close                            : FMOD mixer thread thread destroyed
[LOG] SystemI::close                           : Free master channel group.
[LOG] SystemI::close                           : Remove 'master' sound group.
[LOG] SystemI::close                           : Free software output.
[LOG] SystemI::close                           : Free emulated output.
[LOG] SystemI::close                           : Free channel pool.
[LOG] SystemI::close                           : done.

